<?xml version="1.0" encoding="UTF-8" ?>
<testsuite tests="17" failures="1" name="DemoTestng.NewTest" time="0.077" errors="0" skipped="2">
  <properties>
    <property name="java.runtime.name" value="Java(TM) SE Runtime Environment"/>
    <property name="java.vm.version" value="13.0.1+9"/>
    <property name="sun.boot.library.path" value="/Library/Java/JavaVirtualMachines/jdk-13.0.1.jdk/Contents/Home/lib"/>
    <property name="maven.multiModuleProjectDirectory" value="/Users/neharaj/eclipse-workspace/TestWebdriver"/>
    <property name="java.vm.vendor" value="Oracle Corporation"/>
    <property name="java.vendor.url" value="https://java.oracle.com/"/>
    <property name="guice.disable.misplaced.annotation.check" value="true"/>
    <property name="path.separator" value=":"/>
    <property name="java.vm.name" value="Java HotSpot(TM) 64-Bit Server VM"/>
    <property name="user.country" value="IN"/>
    <property name="sun.java.launcher" value="SUN_STANDARD"/>
    <property name="java.vm.specification.name" value="Java Virtual Machine Specification"/>
    <property name="user.dir" value="/Users/neharaj/eclipse-workspace/TestWebdriver"/>
    <property name="java.vm.compressedOopsMode" value="Zero based"/>
    <property name="java.runtime.version" value="13.0.1+9"/>
    <property name="os.arch" value="x86_64"/>
    <property name="java.io.tmpdir" value="/var/folders/sr/swfvh9190qn1s7_8kk2gszch0000gn/T/"/>
    <property name="line.separator" value="
"/>
    <property name="java.vm.specification.vendor" value="Oracle Corporation"/>
    <property name="os.name" value="Mac OS X"/>
    <property name="classworlds.conf" value="/usr/local/Cellar/maven/3.6.3/libexec/bin/m2.conf"/>
    <property name="sun.jnu.encoding" value="UTF-8"/>
    <property name="java.library.path" value="/Users/neharaj/Library/Java/Extensions:/Library/Java/Extensions:/Network/Library/Java/Extensions:/System/Library/Java/Extensions:/usr/lib/java:."/>
    <property name="maven.conf" value="/usr/local/Cellar/maven/3.6.3/libexec/conf"/>
    <property name="jdk.debug" value="release"/>
    <property name="java.class.version" value="57.0"/>
    <property name="java.specification.name" value="Java Platform API Specification"/>
    <property name="sun.management.compiler" value="HotSpot 64-Bit Tiered Compilers"/>
    <property name="os.version" value="10.14.5"/>
    <property name="library.jansi.path" value="/usr/local/Cellar/maven/3.6.3/libexec/lib/jansi-native"/>
    <property name="http.nonProxyHosts" value="local|*.local|169.254/16|*.169.254/16"/>
    <property name="user.home" value="/Users/neharaj"/>
    <property name="user.timezone" value="Asia/Kolkata"/>
    <property name="file.encoding" value="UTF-8"/>
    <property name="java.specification.version" value="13"/>
    <property name="user.name" value="neharaj"/>
    <property name="java.class.path" value="/usr/local/Cellar/maven/3.6.3/libexec/boot/plexus-classworlds-2.6.0.jar"/>
    <property name="java.vm.specification.version" value="13"/>
    <property name="sun.arch.data.model" value="64"/>
    <property name="sun.java.command" value="org.codehaus.plexus.classworlds.launcher.Launcher test"/>
    <property name="java.home" value="/Library/Java/JavaVirtualMachines/jdk-13.0.1.jdk/Contents/Home"/>
    <property name="user.language" value="en"/>
    <property name="java.specification.vendor" value="Oracle Corporation"/>
    <property name="java.vm.info" value="mixed mode, sharing"/>
    <property name="java.version" value="13.0.1"/>
    <property name="java.vendor" value="Oracle Corporation"/>
    <property name="maven.home" value="/usr/local/Cellar/maven/3.6.3/libexec"/>
    <property name="file.separator" value="/"/>
    <property name="java.version.date" value="2019-10-15"/>
    <property name="java.vendor.url.bug" value="https://bugreport.java.com/bugreport/"/>
    <property name="sun.io.unicode.encoding" value="UnicodeBig"/>
    <property name="sun.cpu.endian" value="little"/>
    <property name="socksNonProxyHosts" value="local|*.local|169.254/16|*.169.254/16"/>
    <property name="ftp.nonProxyHosts" value="local|*.local|169.254/16|*.169.254/16"/>
  </properties>
  <testcase classname="DemoTestng.NewTest" name="dbConnection" time="0.003"/>
  <testcase classname="DemoTestng.NewTest" name="demo2" time="0"/>
  <testcase classname="DemoTestng.NewTest" name="envCheck" time="0"/>
  <testcase classname="DemoTestng.NewTest" name="getTitleOfPage" time="0"/>
  <testcase classname="DemoTestng.NewTest" name="orderPlace" time="0"/>
  <testcase classname="DemoTestng.NewTest" name="paymentMethod" time="0.005"/>
  <testcase classname="DemoTestng.NewTest" name="selGrid" time="0.002"/>
  <testcase classname="DemoTestng.NewTest" name="validateUser" time="0"/>
  <testcase classname="DemoTestng.NewTest" name="validateUserLogIn" time="0"/>
  <testcase classname="DemoTestng.NewTest" name="validateUserLogIn" time="0.001"/>
  <testcase classname="DemoTestng.NewTest" name="logIn" time="0.001">
    <skipped/>
  </testcase>
  <testcase classname="DemoTestng.NewTest" name="registration" time="0.001">
    <skipped/>
  </testcase>
  <testcase classname="DemoTestng.NewTest" name="openURL" time="0.011">
    <failure type="java.lang.NullPointerException">java.lang.NullPointerException
	at DemoTest.BaseClass.initializeDriver(BaseClass.java:44)
	at DemoTestng.NewTest.openURL(NewTest.java:35)
</failure>
    <system-out>1
2
3
</system-out>
  </testcase>
  <testcase classname="DemoTestng.NewTest" name="test" time="0.053"/>
  <testcase classname="DemoTestng.NewTest" name="signUp" time="0"/>
  <testcase classname="DemoTestng.NewTest" name="validateTestEnvURL" time="0"/>
  <testcase classname="DemoTestng.NewTest" name="demo1" time="0"/>
</testsuite>