<?xml version="1.0" encoding="UTF-8"?>
<testsuite xmlns:xsi="http://www.w3.org/2001/XMLSchema-instance" xsi:noNamespaceSchemaLocation="https://maven.apache.org/surefire/maven-surefire-plugin/xsd/surefire-test-report-3.0.xsd" version="3.0" name="TestSuite" time="16.552" tests="3" errors="0" skipped="0" failures="0">
  <properties>
    <property name="java.specification.version" value="13"/>
    <property name="webdriver.chrome.driver" value="chromedriver"/>
    <property name="sun.jnu.encoding" value="UTF-8"/>
    <property name="java.class.path" value="/Users/neharaj/eclipse-workspace/TestWebdriver/target/test-classes:/Users/neharaj/eclipse-workspace/TestWebdriver/target/classes:/Users/neharaj/.m2/repository/junit/junit/3.8.1/junit-3.8.1.jar:/Users/neharaj/.m2/repository/org/seleniumhq/selenium/selenium-java/2.45.0/selenium-java-2.45.0.jar:/Users/neharaj/.m2/repository/org/seleniumhq/selenium/selenium-chrome-driver/2.45.0/selenium-chrome-driver-2.45.0.jar:/Users/neharaj/.m2/repository/org/seleniumhq/selenium/selenium-remote-driver/2.45.0/selenium-remote-driver-2.45.0.jar:/Users/neharaj/.m2/repository/cglib/cglib-nodep/2.1_3/cglib-nodep-2.1_3.jar:/Users/neharaj/.m2/repository/org/seleniumhq/selenium/selenium-api/2.45.0/selenium-api-2.45.0.jar:/Users/neharaj/.m2/repository/com/google/guava/guava/18.0/guava-18.0.jar:/Users/neharaj/.m2/repository/org/seleniumhq/selenium/selenium-htmlunit-driver/2.45.0/selenium-htmlunit-driver-2.45.0.jar:/Users/neharaj/.m2/repository/net/sourceforge/htmlunit/htmlunit/2.15/htmlunit-2.15.jar:/Users/neharaj/.m2/repository/xalan/xalan/2.7.1/xalan-2.7.1.jar:/Users/neharaj/.m2/repository/xalan/serializer/2.7.1/serializer-2.7.1.jar:/Users/neharaj/.m2/repository/commons-collections/commons-collections/3.2.1/commons-collections-3.2.1.jar:/Users/neharaj/.m2/repository/org/apache/httpcomponents/httpmime/4.3.3/httpmime-4.3.3.jar:/Users/neharaj/.m2/repository/net/sourceforge/htmlunit/htmlunit-core-js/2.15/htmlunit-core-js-2.15.jar:/Users/neharaj/.m2/repository/xerces/xercesImpl/2.11.0/xercesImpl-2.11.0.jar:/Users/neharaj/.m2/repository/xml-apis/xml-apis/1.4.01/xml-apis-1.4.01.jar:/Users/neharaj/.m2/repository/net/sourceforge/nekohtml/nekohtml/1.9.21/nekohtml-1.9.21.jar:/Users/neharaj/.m2/repository/net/sourceforge/cssparser/cssparser/0.9.14/cssparser-0.9.14.jar:/Users/neharaj/.m2/repository/org/w3c/css/sac/1.3/sac-1.3.jar:/Users/neharaj/.m2/repository/commons-logging/commons-logging/1.1.3/commons-logging-1.1.3.jar:/Users/neharaj/.m2/repository/org/eclipse/jetty/jetty-websocket/8.1.15.v20140411/jetty-websocket-8.1.15.v20140411.jar:/Users/neharaj/.m2/repository/org/eclipse/jetty/jetty-util/8.1.15.v20140411/jetty-util-8.1.15.v20140411.jar:/Users/neharaj/.m2/repository/org/eclipse/jetty/jetty-io/8.1.15.v20140411/jetty-io-8.1.15.v20140411.jar:/Users/neharaj/.m2/repository/org/eclipse/jetty/jetty-http/8.1.15.v20140411/jetty-http-8.1.15.v20140411.jar:/Users/neharaj/.m2/repository/org/apache/httpcomponents/httpclient/4.3.6/httpclient-4.3.6.jar:/Users/neharaj/.m2/repository/org/apache/httpcomponents/httpcore/4.3.3/httpcore-4.3.3.jar:/Users/neharaj/.m2/repository/org/seleniumhq/selenium/selenium-firefox-driver/2.45.0/selenium-firefox-driver-2.45.0.jar:/Users/neharaj/.m2/repository/org/apache/commons/commons-exec/1.1/commons-exec-1.1.jar:/Users/neharaj/.m2/repository/org/seleniumhq/selenium/selenium-ie-driver/2.45.0/selenium-ie-driver-2.45.0.jar:/Users/neharaj/.m2/repository/net/java/dev/jna/jna/3.4.0/jna-3.4.0.jar:/Users/neharaj/.m2/repository/net/java/dev/jna/platform/3.4.0/platform-3.4.0.jar:/Users/neharaj/.m2/repository/org/seleniumhq/selenium/selenium-safari-driver/2.45.0/selenium-safari-driver-2.45.0.jar:/Users/neharaj/.m2/repository/org/seleniumhq/selenium/selenium-support/2.45.0/selenium-support-2.45.0.jar:/Users/neharaj/.m2/repository/org/webbitserver/webbit/0.4.14/webbit-0.4.14.jar:/Users/neharaj/.m2/repository/io/netty/netty/3.5.2.Final/netty-3.5.2.Final.jar:/Users/neharaj/.m2/repository/org/seleniumhq/selenium/selenium-leg-rc/2.45.0/selenium-leg-rc-2.45.0.jar:/Users/neharaj/.m2/repository/org/apache/poi/poi-ooxml/4.1.2/poi-ooxml-4.1.2.jar:/Users/neharaj/.m2/repository/org/apache/poi/poi-ooxml-schemas/4.1.2/poi-ooxml-schemas-4.1.2.jar:/Users/neharaj/.m2/repository/org/apache/xmlbeans/xmlbeans/3.1.0/xmlbeans-3.1.0.jar:/Users/neharaj/.m2/repository/org/apache/commons/commons-compress/1.19/commons-compress-1.19.jar:/Users/neharaj/.m2/repository/com/github/virtuald/curvesapi/1.06/curvesapi-1.06.jar:/Users/neharaj/.m2/repository/org/apache/poi/poi/4.1.2/poi-4.1.2.jar:/Users/neharaj/.m2/repository/commons-codec/commons-codec/1.13/commons-codec-1.13.jar:/Users/neharaj/.m2/repository/org/apache/commons/commons-collections4/4.4/commons-collections4-4.4.jar:/Users/neharaj/.m2/repository/org/apache/commons/commons-math3/3.6.1/commons-math3-3.6.1.jar:/Users/neharaj/.m2/repository/com/zaxxer/SparseBitSet/1.2/SparseBitSet-1.2.jar:/Users/neharaj/.m2/repository/mysql/mysql-connector-java/8.0.22/mysql-connector-java-8.0.22.jar:/Users/neharaj/.m2/repository/com/google/protobuf/protobuf-java/3.11.4/protobuf-java-3.11.4.jar:/Users/neharaj/.m2/repository/com/aventstack/extentreports/5.0.8/extentreports-5.0.8.jar:/Users/neharaj/.m2/repository/io/reactivex/rxjava3/rxjava/3.0.4/rxjava-3.0.4.jar:/Users/neharaj/.m2/repository/org/reactivestreams/reactive-streams/1.0.3/reactive-streams-1.0.3.jar:/Users/neharaj/.m2/repository/org/freemarker/freemarker/2.3.30/freemarker-2.3.30.jar:/Users/neharaj/.m2/repository/org/projectlombok/lombok/1.18.12/lombok-1.18.12.jar:/Users/neharaj/.m2/repository/com/google/code/gson/gson/2.8.6/gson-2.8.6.jar:/Users/neharaj/.m2/repository/commons-io/commons-io/2.8.0/commons-io-2.8.0.jar:/Users/neharaj/.m2/repository/org/apache/commons/commons-lang3/3.0/commons-lang3-3.0.jar:/Users/neharaj/.m2/repository/org/apache/logging/log4j/log4j-api/2.8.2/log4j-api-2.8.2.jar:/Users/neharaj/.m2/repository/org/apache/logging/log4j/log4j-core/2.8.2/log4j-core-2.8.2.jar:/Users/neharaj/.m2/repository/org/testng/testng/7.4.0/testng-7.4.0.jar:/Users/neharaj/.m2/repository/com/beust/jcommander/1.78/jcommander-1.78.jar:/Users/neharaj/.m2/repository/org/webjars/jquery/3.5.1/jquery-3.5.1.jar:"/>
    <property name="java.vm.vendor" value="Oracle Corporation"/>
    <property name="sun.arch.data.model" value="64"/>
    <property name="java.vendor.url" value="https://java.oracle.com/"/>
    <property name="user.timezone" value="Asia/Kolkata"/>
    <property name="os.name" value="Mac OS X"/>
    <property name="java.vm.specification.version" value="13"/>
    <property name="sun.java.launcher" value="SUN_STANDARD"/>
    <property name="user.country" value="IN"/>
    <property name="sun.boot.library.path" value="/Library/Java/JavaVirtualMachines/jdk-13.0.1.jdk/Contents/Home/lib"/>
    <property name="sun.java.command" value="/Users/neharaj/eclipse-workspace/TestWebdriver/target/surefire/surefirebooter1555355916751618029.jar /Users/neharaj/eclipse-workspace/TestWebdriver/target/surefire 2021-05-14T19-45-11_421-jvmRun1 surefire1912230327002654687tmp surefire_018286114587345304007tmp"/>
    <property name="http.nonProxyHosts" value="local|*.local|169.254/16|*.169.254/16"/>
    <property name="jdk.debug" value="release"/>
    <property name="surefire.test.class.path" value="/Users/neharaj/eclipse-workspace/TestWebdriver/target/test-classes:/Users/neharaj/eclipse-workspace/TestWebdriver/target/classes:/Users/neharaj/.m2/repository/junit/junit/3.8.1/junit-3.8.1.jar:/Users/neharaj/.m2/repository/org/seleniumhq/selenium/selenium-java/2.45.0/selenium-java-2.45.0.jar:/Users/neharaj/.m2/repository/org/seleniumhq/selenium/selenium-chrome-driver/2.45.0/selenium-chrome-driver-2.45.0.jar:/Users/neharaj/.m2/repository/org/seleniumhq/selenium/selenium-remote-driver/2.45.0/selenium-remote-driver-2.45.0.jar:/Users/neharaj/.m2/repository/cglib/cglib-nodep/2.1_3/cglib-nodep-2.1_3.jar:/Users/neharaj/.m2/repository/org/seleniumhq/selenium/selenium-api/2.45.0/selenium-api-2.45.0.jar:/Users/neharaj/.m2/repository/com/google/guava/guava/18.0/guava-18.0.jar:/Users/neharaj/.m2/repository/org/seleniumhq/selenium/selenium-htmlunit-driver/2.45.0/selenium-htmlunit-driver-2.45.0.jar:/Users/neharaj/.m2/repository/net/sourceforge/htmlunit/htmlunit/2.15/htmlunit-2.15.jar:/Users/neharaj/.m2/repository/xalan/xalan/2.7.1/xalan-2.7.1.jar:/Users/neharaj/.m2/repository/xalan/serializer/2.7.1/serializer-2.7.1.jar:/Users/neharaj/.m2/repository/commons-collections/commons-collections/3.2.1/commons-collections-3.2.1.jar:/Users/neharaj/.m2/repository/org/apache/httpcomponents/httpmime/4.3.3/httpmime-4.3.3.jar:/Users/neharaj/.m2/repository/net/sourceforge/htmlunit/htmlunit-core-js/2.15/htmlunit-core-js-2.15.jar:/Users/neharaj/.m2/repository/xerces/xercesImpl/2.11.0/xercesImpl-2.11.0.jar:/Users/neharaj/.m2/repository/xml-apis/xml-apis/1.4.01/xml-apis-1.4.01.jar:/Users/neharaj/.m2/repository/net/sourceforge/nekohtml/nekohtml/1.9.21/nekohtml-1.9.21.jar:/Users/neharaj/.m2/repository/net/sourceforge/cssparser/cssparser/0.9.14/cssparser-0.9.14.jar:/Users/neharaj/.m2/repository/org/w3c/css/sac/1.3/sac-1.3.jar:/Users/neharaj/.m2/repository/commons-logging/commons-logging/1.1.3/commons-logging-1.1.3.jar:/Users/neharaj/.m2/repository/org/eclipse/jetty/jetty-websocket/8.1.15.v20140411/jetty-websocket-8.1.15.v20140411.jar:/Users/neharaj/.m2/repository/org/eclipse/jetty/jetty-util/8.1.15.v20140411/jetty-util-8.1.15.v20140411.jar:/Users/neharaj/.m2/repository/org/eclipse/jetty/jetty-io/8.1.15.v20140411/jetty-io-8.1.15.v20140411.jar:/Users/neharaj/.m2/repository/org/eclipse/jetty/jetty-http/8.1.15.v20140411/jetty-http-8.1.15.v20140411.jar:/Users/neharaj/.m2/repository/org/apache/httpcomponents/httpclient/4.3.6/httpclient-4.3.6.jar:/Users/neharaj/.m2/repository/org/apache/httpcomponents/httpcore/4.3.3/httpcore-4.3.3.jar:/Users/neharaj/.m2/repository/org/seleniumhq/selenium/selenium-firefox-driver/2.45.0/selenium-firefox-driver-2.45.0.jar:/Users/neharaj/.m2/repository/org/apache/commons/commons-exec/1.1/commons-exec-1.1.jar:/Users/neharaj/.m2/repository/org/seleniumhq/selenium/selenium-ie-driver/2.45.0/selenium-ie-driver-2.45.0.jar:/Users/neharaj/.m2/repository/net/java/dev/jna/jna/3.4.0/jna-3.4.0.jar:/Users/neharaj/.m2/repository/net/java/dev/jna/platform/3.4.0/platform-3.4.0.jar:/Users/neharaj/.m2/repository/org/seleniumhq/selenium/selenium-safari-driver/2.45.0/selenium-safari-driver-2.45.0.jar:/Users/neharaj/.m2/repository/org/seleniumhq/selenium/selenium-support/2.45.0/selenium-support-2.45.0.jar:/Users/neharaj/.m2/repository/org/webbitserver/webbit/0.4.14/webbit-0.4.14.jar:/Users/neharaj/.m2/repository/io/netty/netty/3.5.2.Final/netty-3.5.2.Final.jar:/Users/neharaj/.m2/repository/org/seleniumhq/selenium/selenium-leg-rc/2.45.0/selenium-leg-rc-2.45.0.jar:/Users/neharaj/.m2/repository/org/apache/poi/poi-ooxml/4.1.2/poi-ooxml-4.1.2.jar:/Users/neharaj/.m2/repository/org/apache/poi/poi-ooxml-schemas/4.1.2/poi-ooxml-schemas-4.1.2.jar:/Users/neharaj/.m2/repository/org/apache/xmlbeans/xmlbeans/3.1.0/xmlbeans-3.1.0.jar:/Users/neharaj/.m2/repository/org/apache/commons/commons-compress/1.19/commons-compress-1.19.jar:/Users/neharaj/.m2/repository/com/github/virtuald/curvesapi/1.06/curvesapi-1.06.jar:/Users/neharaj/.m2/repository/org/apache/poi/poi/4.1.2/poi-4.1.2.jar:/Users/neharaj/.m2/repository/commons-codec/commons-codec/1.13/commons-codec-1.13.jar:/Users/neharaj/.m2/repository/org/apache/commons/commons-collections4/4.4/commons-collections4-4.4.jar:/Users/neharaj/.m2/repository/org/apache/commons/commons-math3/3.6.1/commons-math3-3.6.1.jar:/Users/neharaj/.m2/repository/com/zaxxer/SparseBitSet/1.2/SparseBitSet-1.2.jar:/Users/neharaj/.m2/repository/mysql/mysql-connector-java/8.0.22/mysql-connector-java-8.0.22.jar:/Users/neharaj/.m2/repository/com/google/protobuf/protobuf-java/3.11.4/protobuf-java-3.11.4.jar:/Users/neharaj/.m2/repository/com/aventstack/extentreports/5.0.8/extentreports-5.0.8.jar:/Users/neharaj/.m2/repository/io/reactivex/rxjava3/rxjava/3.0.4/rxjava-3.0.4.jar:/Users/neharaj/.m2/repository/org/reactivestreams/reactive-streams/1.0.3/reactive-streams-1.0.3.jar:/Users/neharaj/.m2/repository/org/freemarker/freemarker/2.3.30/freemarker-2.3.30.jar:/Users/neharaj/.m2/repository/org/projectlombok/lombok/1.18.12/lombok-1.18.12.jar:/Users/neharaj/.m2/repository/com/google/code/gson/gson/2.8.6/gson-2.8.6.jar:/Users/neharaj/.m2/repository/commons-io/commons-io/2.8.0/commons-io-2.8.0.jar:/Users/neharaj/.m2/repository/org/apache/commons/commons-lang3/3.0/commons-lang3-3.0.jar:/Users/neharaj/.m2/repository/org/apache/logging/log4j/log4j-api/2.8.2/log4j-api-2.8.2.jar:/Users/neharaj/.m2/repository/org/apache/logging/log4j/log4j-core/2.8.2/log4j-core-2.8.2.jar:/Users/neharaj/.m2/repository/org/testng/testng/7.4.0/testng-7.4.0.jar:/Users/neharaj/.m2/repository/com/beust/jcommander/1.78/jcommander-1.78.jar:/Users/neharaj/.m2/repository/org/webjars/jquery/3.5.1/jquery-3.5.1.jar:"/>
    <property name="sun.cpu.endian" value="little"/>
    <property name="user.home" value="/Users/neharaj"/>
    <property name="user.language" value="en"/>
    <property name="java.specification.vendor" value="Oracle Corporation"/>
    <property name="java.version.date" value="2019-10-15"/>
    <property name="java.home" value="/Library/Java/JavaVirtualMachines/jdk-13.0.1.jdk/Contents/Home"/>
    <property name="file.separator" value="/"/>
    <property name="basedir" value="/Users/neharaj/eclipse-workspace/TestWebdriver"/>
    <property name="java.vm.compressedOopsMode" value="Zero based"/>
    <property name="line.separator" value="&#10;"/>
    <property name="java.specification.name" value="Java Platform API Specification"/>
    <property name="java.vm.specification.vendor" value="Oracle Corporation"/>
    <property name="surefire.real.class.path" value="/Users/neharaj/eclipse-workspace/TestWebdriver/target/surefire/surefirebooter1555355916751618029.jar"/>
    <property name="sun.management.compiler" value="HotSpot 64-Bit Tiered Compilers"/>
    <property name="ftp.nonProxyHosts" value="local|*.local|169.254/16|*.169.254/16"/>
    <property name="java.runtime.version" value="13.0.1+9"/>
    <property name="user.name" value="neharaj"/>
    <property name="path.separator" value=":"/>
    <property name="os.version" value="10.14.6"/>
    <property name="java.runtime.name" value="Java(TM) SE Runtime Environment"/>
    <property name="file.encoding" value="UTF-8"/>
    <property name="java.vm.name" value="Java HotSpot(TM) 64-Bit Server VM"/>
    <property name="localRepository" value="/Users/neharaj/.m2/repository"/>
    <property name="java.vendor.url.bug" value="https://bugreport.java.com/bugreport/"/>
    <property name="java.io.tmpdir" value="/var/folders/sr/swfvh9190qn1s7_8kk2gszch0000gn/T/"/>
    <property name="java.version" value="13.0.1"/>
    <property name="user.dir" value="/Users/neharaj/eclipse-workspace/TestWebdriver"/>
    <property name="os.arch" value="x86_64"/>
    <property name="java.vm.specification.name" value="Java Virtual Machine Specification"/>
    <property name="java.library.path" value="/Users/neharaj/Library/Java/Extensions:/Library/Java/Extensions:/Network/Library/Java/Extensions:/System/Library/Java/Extensions:/usr/lib/java:."/>
    <property name="java.vm.info" value="mixed mode, sharing"/>
    <property name="java.vendor" value="Oracle Corporation"/>
    <property name="java.vm.version" value="13.0.1+9"/>
    <property name="sun.io.unicode.encoding" value="UnicodeBig"/>
    <property name="socksNonProxyHosts" value="local|*.local|169.254/16|*.169.254/16"/>
    <property name="java.class.version" value="57.0"/>
  </properties>
  <testcase name="demo1" classname="DemoTestng.NewTest" time="0">
    <system-out><![CDATA[Driver Initialized and git learning
pull the code to local machine for git learning
 demo 1 
]]></system-out>
    <system-err><![CDATA[ERROR StatusLogger No log4j2 configuration file found. Using default configuration: logging only errors to the console. Set system property 'org.apache.logging.log4j.simplelog.StatusLogger.level' to TRACE to show Log4j2 internal initialization logging.
Starting ChromeDriver 89.0.4389.23 (61b08ee2c50024bab004e48d2b1b083cdbdac579-refs/branch-heads/4389@{#294}) on port 47377
Only local connections are allowed.
Please see https://chromedriver.chromium.org/security-considerations for suggestions on keeping ChromeDriver safe.
ChromeDriver was started successfully.
[1621001717.782][WARNING]: This version of ChromeDriver has not been tested with Chrome version 90.
]]></system-err>
  </testcase>
  <testcase name="signUp" classname="DemoTestng.NewTest" time="0">
    <system-out><![CDATA[deleted all cookies after every method
 sign up 
]]></system-out>
  </testcase>
  <testcase name="searchCart" classname="DemoTestng.NewTest2" time="5.998">
    <system-out><![CDATA[deleted all cookies after every method
Close browser
To check session timeout
Search for items
]]></system-out>
    <system-err><![CDATA[Starting ChromeDriver 89.0.4389.23 (61b08ee2c50024bab004e48d2b1b083cdbdac579-refs/branch-heads/4389@{#294}) on port 25736
Only local connections are allowed.
Please see https://chromedriver.chromium.org/security-considerations for suggestions on keeping ChromeDriver safe.
ChromeDriver was started successfully.
[1621001724.755][WARNING]: This version of ChromeDriver has not been tested with Chrome version 90.
]]></system-err>
  </testcase>
</testsuite>