<?xml version="1.0" encoding="UTF-8"?>
<!-- Generated by org.testng.reporters.JUnitReportReporter -->
<testsuite hostname="Nehas-MacBook-Air.local" failures="0" tests="1" name="DemoTestng.NewTest2" time="4.580" errors="0" timestamp="2021-05-14T19:47:02 IST" skipped="0">
  <testcase classname="DemoTestng.NewTest2" name="searchCart" time="4.580"/>
</testsuite> <!-- DemoTestng.NewTest2 -->
