<?xml version="1.0" encoding="UTF-8"?>
<!-- Generated by org.testng.reporters.JUnitReportReporter -->
<testsuite hostname="Nehas-MacBook-Air.local" failures="0" tests="1" name="DemoTestng.dbConnection" time="0.015" errors="0" timestamp="2021-01-01T15:11:34 IST" skipped="0">
  <testcase classname="DemoTestng.dbConnection" name="test" time="0.015"/>
</testsuite> <!-- DemoTestng.dbConnection -->
