<?xml version="1.0" encoding="UTF-8"?>
<!-- Generated by org.testng.reporters.JUnitReportReporter -->
<testsuite hostname="Nehas-MacBook-Air.local" failures="0" tests="3" name="DemoTestng.NewTest" time="0.081" errors="0" timestamp="2021-05-14T19:47:02 IST" skipped="1">
  <testcase classname="DemoTestng.NewTest" name="demo1" time="0.052"/>
  <testcase classname="DemoTestng.NewTest" name="signUp" time="0.029"/>
  <testcase classname="DemoTestng.NewTest" name="proceedToCheckout">
    <skipped/>
  </testcase> <!-- proceedToCheckout -->
</testsuite> <!-- DemoTestng.NewTest -->
