<?xml version="1.0" encoding="UTF-8"?>
<!-- Generated by org.testng.reporters.JUnitReportReporter -->
<testsuite hostname="Nehas-MacBook-Air.local" failures="0" tests="1" name="DemoTestng.NewTest2" time="5.362" errors="0" timestamp="2021-05-10T11:57:36 IST" skipped="0">
  <testcase classname="DemoTestng.NewTest2" name="searchCart" time="5.362"/>
</testsuite> <!-- DemoTestng.NewTest2 -->
