<?xml version="1.0" encoding="UTF-8"?>
<!-- Generated by org.testng.reporters.JUnitReportReporter -->
<testsuite hostname="Nehas-MacBook-Air.local" failures="0" tests="1" name="DemoTestng.dbConn" time="0.047" errors="0" timestamp="2021-01-01T17:55:32 IST" skipped="0">
  <testcase classname="DemoTestng.dbConn" name="test" time="0.047"/>
</testsuite> <!-- DemoTestng.dbConn -->
