<?xml version="1.0" encoding="UTF-8"?>
<!-- Generated by org.testng.reporters.JUnitReportReporter -->
<testsuite hostname="Nehas-MacBook-Air.local" failures="0" tests="1" name="DemoTestng.NewTest2" time="4.677" errors="0" timestamp="10 May 2021 14:35:16 GMT">
  <testcase classname="DemoTestng.NewTest2" name="searchCart" time="4.677"/>
</testsuite> <!-- DemoTestng.NewTest2 -->
