<?xml version="1.0" encoding="UTF-8"?>
<!-- Generated by org.testng.reporters.JUnitReportReporter -->
<testsuite hostname="Nehas-MacBook-Air.local" failures="0" tests="2" name="DemoTestng.NewTest" time="0.032" errors="0" timestamp="10 May 2021 14:35:16 GMT">
  <testcase classname="DemoTestng.NewTest" name="demo1" time="0.032"/>
  <testcase classname="DemoTestng.NewTest" name="signUp" time="0.000"/>
</testsuite> <!-- DemoTestng.NewTest -->
