<?xml version="1.0" encoding="UTF-8"?>
<!-- Generated by org.testng.reporters.JUnitReportReporter -->
<testsuite hostname="Nehas-MacBook-Air.local" failures="0" tests="3" name="DemoTestng.NewTest" time="0.012" errors="0" timestamp="2021-05-13T17:06:08 IST" skipped="1">
  <testcase classname="DemoTestng.NewTest" name="demo1" time="0.011"/>
  <system-out/>
  <testcase classname="DemoTestng.NewTest" name="signUp" time="0.001"/>
  <system-out/>
  <testcase classname="DemoTestng.NewTest" name="proceedToCheckout">
    <skipped/>
  </testcase> <!-- proceedToCheckout -->
  <system-out/>
</testsuite> <!-- DemoTestng.NewTest -->
